mode: set
github.com/nu12/rand/internal/alpha.go:8.45,11.11 2 1
github.com/nu12/rand/internal/alpha.go:11.11,17.12 5 1
github.com/nu12/rand/internal/alpha.go:18.10,19.25 1 1
github.com/nu12/rand/internal/alpha.go:20.10,21.32 1 1
github.com/nu12/rand/internal/alpha.go:25.2,25.12 1 1
github.com/nu12/rand/internal/char.go:8.44,11.11 2 1
github.com/nu12/rand/internal/char.go:11.11,17.3 5 1
github.com/nu12/rand/internal/char.go:19.2,19.12 1 1
github.com/nu12/rand/internal/char.go:22.41,27.7 3 1
github.com/nu12/rand/internal/char.go:27.7,29.3 1 1
github.com/nu12/rand/internal/char.go:31.2,31.7 1 1
github.com/nu12/rand/internal/char.go:31.7,33.3 1 1
github.com/nu12/rand/internal/char.go:34.2,34.18 1 1
github.com/nu12/rand/internal/num.go:9.32,11.11 2 1
github.com/nu12/rand/internal/num.go:11.11,17.3 5 1
github.com/nu12/rand/internal/num.go:18.2,18.12 1 1
github.com/nu12/rand/internal/password.go:8.48,11.11 2 1
github.com/nu12/rand/internal/password.go:11.11,17.12 5 1
github.com/nu12/rand/internal/password.go:18.10,19.25 1 1
github.com/nu12/rand/internal/password.go:20.10,21.32 1 1
github.com/nu12/rand/internal/password.go:22.10,23.29 1 1
github.com/nu12/rand/internal/password.go:27.2,27.12 1 1
github.com/nu12/rand/internal/special.go:8.36,12.11 3 1
github.com/nu12/rand/internal/special.go:12.11,18.3 4 1
github.com/nu12/rand/internal/special.go:20.2,20.12 1 1
github.com/nu12/rand/internal/uuid.go:5.28,7.2 1 1
